<?xml version="1.0" encoding="UTF-8"?>
<!-- Generated by org.testng.reporters.JUnitXMLReporter -->
<testsuite ignored="0" hostname="DESKTOP-FOKO1P1" failures="0" tests="4" name="Default test" time="252.985" errors="0" timestamp="2024-06-05T17:21:47 BDT">
  <testcase classname="qa.testcases.AllUrlWithStatusCodeTest2" name="totalLinkTest" time="47.758"/>
  <testcase classname="qa.testcases.AllUrlWithStatusCodeTest2" name="searchUrls" time="63.024"/>
  <testcase classname="qa.testcases.AllUrlWithStatusCodeTest2" name="testUrlResponseCodes" time="136.01"/>
  <testcase classname="qa.testcases.AllUrlWithStatusCodeTest2" name="removeDuplicateResponseCodes" time="0.003"/>
</testsuite> <!-- Default test -->
