<?xml version="1.0" encoding="UTF-8"?>
<!-- Generated by org.testng.reporters.JUnitXMLReporter -->
<testsuite ignored="0" hostname="DESKTOP-FOKO1P1" failures="0" tests="4" name="Test" time="334.355" errors="0" timestamp="2024-06-05T11:56:34 BDT">
  <testcase classname="qa.testcases.AllUrlWithStatusCodeTest" name="totalLinkTest" time="94.312"/>
  <testcase classname="qa.testcases.AllUrlWithStatusCodeTest" name="searchUrls" time="104.73"/>
  <testcase classname="qa.testcases.AllUrlWithStatusCodeTest" name="testUrlResponseCodes" time="128.236"/>
  <testcase classname="qa.testcases.AllUrlWithStatusCodeTest" name="removeDuplicateResponseCodes" time="0.006"/>
</testsuite> <!-- Test -->
